Compiling DaisySP...
Compiling Braids...
Compiling Plaits...
Compiling Airwindows...
In file included from src/effects/airwindows/AirwindowsWrapper.h:4,
                 from src/effects/airwindows/AirwindowsWrapper.cpp:1:
src/effects/airwindows/Console7Channel.h:25:42: warning: multi-character character constant [-Wmultichar]
   25 |   static const unsigned long kUniqueId = 'conq';
      |                                          ^~~~~~
In file included from src/effects/airwindows/AirwindowsWrapper.h:5:
src/effects/airwindows/Galactic.h:34:7: warning: multi-character character constant [-Wmultichar]
   34 |       'gala'; // Change this to what the AU identity is!
      |       ^~~~~~
src/effects/airwindows/AirwindowsWrapper.cpp: In member function ‘void AirwindowsWrapper::Process(float*, float*, size_t)’:
src/effects/airwindows/AirwindowsWrapper.cpp:52:20: warning: unused variable ‘pCon’ [-Wunused-variable]
   52 |     float pIn = 0, pCon = 0, pGal = 0;
      |                    ^~~~
src/effects/airwindows/AirwindowsWrapper.cpp:52:30: warning: unused variable ‘pGal’ [-Wunused-variable]
   52 |     float pIn = 0, pCon = 0, pGal = 0;
      |                              ^~~~
In file included from src/effects/airwindows/Galactic.cpp:7:
src/effects/airwindows/Galactic.h:34:7: warning: multi-character character constant [-Wmultichar]
   34 |       'gala'; // Change this to what the AU identity is!
      |       ^~~~~~
In file included from src/effects/airwindows/GalacticProc.cpp:7:
src/effects/airwindows/Galactic.h:34:7: warning: multi-character character constant [-Wmultichar]
   34 |       'gala'; // Change this to what the AU identity is!
      |       ^~~~~~
src/effects/airwindows/GalacticProc.cpp: In member function ‘virtual void airwindows::Galactic::processReplacing(float**, float**, VstInt32)’:
src/effects/airwindows/GalacticProc.cpp:236:17: warning: value computed is not used [-Wunused-value]
  236 |                 *in1++;
      |                 ^~~~~~
src/effects/airwindows/GalacticProc.cpp:237:17: warning: value computed is not used [-Wunused-value]
  237 |                 *in2++;
      |                 ^~~~~~
src/effects/airwindows/GalacticProc.cpp:238:17: warning: value computed is not used [-Wunused-value]
  238 |                 *out1++;
      |                 ^~~~~~~
src/effects/airwindows/GalacticProc.cpp:239:17: warning: value computed is not used [-Wunused-value]
  239 |                 *out2++;
      |                 ^~~~~~~
src/effects/airwindows/GalacticProc.cpp: In member function ‘virtual void airwindows::Galactic::processDoubleReplacing(double**, double**, VstInt32)’:
src/effects/airwindows/GalacticProc.cpp:468:17: warning: value computed is not used [-Wunused-value]
  468 |                 *in1++;
      |                 ^~~~~~
src/effects/airwindows/GalacticProc.cpp:469:17: warning: value computed is not used [-Wunused-value]
  469 |                 *in2++;
      |                 ^~~~~~
src/effects/airwindows/GalacticProc.cpp:470:17: warning: value computed is not used [-Wunused-value]
  470 |                 *out1++;
      |                 ^~~~~~~
src/effects/airwindows/GalacticProc.cpp:471:17: warning: value computed is not used [-Wunused-value]
  471 |                 *out2++;
      |                 ^~~~~~~
In file included from src/effects/airwindows/Console7Channel.cpp:7:
src/effects/airwindows/Console7Channel.h:25:42: warning: multi-character character constant [-Wmultichar]
   25 |   static const unsigned long kUniqueId = 'conq';
      |                                          ^~~~~~
In file included from src/effects/airwindows/Console7ChannelProc.cpp:7:
src/effects/airwindows/Console7Channel.h:25:42: warning: multi-character character constant [-Wmultichar]
   25 |   static const unsigned long kUniqueId = 'conq';
      |                                          ^~~~~~
src/effects/airwindows/Console7ChannelProc.cpp: In member function ‘virtual void airwindows::Console7Channel::processReplacing(float**, float**, VstInt32)’:
src/effects/airwindows/Console7ChannelProc.cpp:138:5: warning: value computed is not used [-Wunused-value]
  138 |     *in1++;
      |     ^~~~~~
src/effects/airwindows/Console7ChannelProc.cpp:139:5: warning: value computed is not used [-Wunused-value]
  139 |     *in2++;
      |     ^~~~~~
src/effects/airwindows/Console7ChannelProc.cpp:140:5: warning: value computed is not used [-Wunused-value]
  140 |     *out1++;
      |     ^~~~~~~
src/effects/airwindows/Console7ChannelProc.cpp:141:5: warning: value computed is not used [-Wunused-value]
  141 |     *out2++;
      |     ^~~~~~~
src/effects/airwindows/Console7ChannelProc.cpp: In member function ‘virtual void airwindows::Console7Channel::processDoubleReplacing(double**, double**, VstInt32)’:
src/effects/airwindows/Console7ChannelProc.cpp:261:5: warning: value computed is not used [-Wunused-value]
  261 |     *in1++;
      |     ^~~~~~
src/effects/airwindows/Console7ChannelProc.cpp:262:5: warning: value computed is not used [-Wunused-value]
  262 |     *in2++;
      |     ^~~~~~
src/effects/airwindows/Console7ChannelProc.cpp:263:5: warning: value computed is not used [-Wunused-value]
  263 |     *out1++;
      |     ^~~~~~~
src/effects/airwindows/Console7ChannelProc.cpp:264:5: warning: value computed is not used [-Wunused-value]
  264 |     *out2++;
      |     ^~~~~~~
Compiling Main...
In file included from ./src/effects/airwindows/AirwindowsWrapper.h:4,
                 from src/main.cpp:40:
./src/effects/airwindows/Console7Channel.h:25:42: warning: multi-character character constant [-Wmultichar]
   25 |   static const unsigned long kUniqueId = 'conq';
      |                                          ^~~~~~
In file included from ./src/effects/airwindows/AirwindowsWrapper.h:5:
./src/effects/airwindows/Galactic.h:34:7: warning: multi-character character constant [-Wmultichar]
   34 |       'gala'; // Change this to what the AU identity is!
      |       ^~~~~~
In file included from src/main.cpp:38:
logue_units/para_saw/para_saw.h: In member function ‘void Osc::Process(const float*, float*, size_t)’:
logue_units/para_saw/para_saw.h:192:29: warning: unused variable ‘in_p’ [-Wunused-variable]
  192 |     const float *__restrict in_p = in;
      |                             ^~~~
logue_units/para_saw/para_saw.h:196:19: warning: unused variable ‘flags’ [-Wunused-variable]
  196 |     const uint8_t flags = state_.flags;
      |                   ^~~~~
logue_units/para_saw/para_saw.h: In member function ‘void Osc::PitchBend(uint8_t)’:
logue_units/para_saw/para_saw.h:344:5: warning: statement has no effect [-Wunused-value]
  344 |     (uint8_t)bend;
      |     ^~~~~~~~~~~~~
logue_units/para_saw/para_saw.h: In member function ‘void Osc::ChannelPressure(uint8_t)’:
logue_units/para_saw/para_saw.h:348:5: warning: statement has no effect [-Wunused-value]
  348 |     (uint8_t)press;
      |     ^~~~~~~~~~~~~~
logue_units/para_saw/para_saw.h: In member function ‘void Osc::AfterTouch(uint8_t, uint8_t)’:
logue_units/para_saw/para_saw.h:352:5: warning: statement has no effect [-Wunused-value]
  352 |     (uint8_t)note;
      |     ^~~~~~~~~~~~~
logue_units/para_saw/para_saw.h:353:5: warning: statement has no effect [-Wunused-value]
  353 |     (uint8_t)press;
      |     ^~~~~~~~~~~~~~
Linking...
Done!
