In file included from ./src/effects/airwindows/AirwindowsWrapper.h:4,
                 from src/main.cpp:40:
./src/effects/airwindows/Console7Channel.h:25:42: warning: multi-character character constant [-Wmultichar]
   25 |   static const unsigned long kUniqueId = 'conq';
      |                                          ^~~~~~
In file included from ./src/effects/airwindows/AirwindowsWrapper.h:5:
./src/effects/airwindows/Galactic.h:34:7: warning: multi-character character constant [-Wmultichar]
   34 |       'gala'; // Change this to what the AU identity is!
      |       ^~~~~~
In file included from src/main.cpp:38:
logue_units/para_saw/para_saw.h: In member function ‘void Osc::Process(const float*, float*, size_t)’:
logue_units/para_saw/para_saw.h:192:29: warning: unused variable ‘in_p’ [-Wunused-variable]
  192 |     const float *__restrict in_p = in;
      |                             ^~~~
logue_units/para_saw/para_saw.h:196:19: warning: unused variable ‘flags’ [-Wunused-variable]
  196 |     const uint8_t flags = state_.flags;
      |                   ^~~~~
logue_units/para_saw/para_saw.h: In member function ‘void Osc::PitchBend(uint8_t)’:
logue_units/para_saw/para_saw.h:344:5: warning: statement has no effect [-Wunused-value]
  344 |     (uint8_t)bend;
      |     ^~~~~~~~~~~~~
logue_units/para_saw/para_saw.h: In member function ‘void Osc::ChannelPressure(uint8_t)’:
logue_units/para_saw/para_saw.h:348:5: warning: statement has no effect [-Wunused-value]
  348 |     (uint8_t)press;
      |     ^~~~~~~~~~~~~~
logue_units/para_saw/para_saw.h: In member function ‘void Osc::AfterTouch(uint8_t, uint8_t)’:
logue_units/para_saw/para_saw.h:352:5: warning: statement has no effect [-Wunused-value]
  352 |     (uint8_t)note;
      |     ^~~~~~~~~~~~~
logue_units/para_saw/para_saw.h:353:5: warning: statement has no effect [-Wunused-value]
  353 |     (uint8_t)press;
      |     ^~~~~~~~~~~~~~
In file included from src/main.cpp:4:
./miniaudio.h: In function ‘void ma_engine_node_process_pcm_frames__sound(ma_node*, const float**, ma_uint32*, float**, ma_uint32*)’:
./miniaudio.h:15808:84: warning: ‘long unsigned int __atomic_load_8(const volatile void*, int)’ writing 8 bytes into a region of size 0 overflows the destination [-Wstringop-overflow=]
15808 |     #define ma_atomic_load_explicit_64(dst, order)                  __atomic_load_n(dst, order)
      |                                                                     ~~~~~~~~~~~~~~~^~~~~~~~~~~~
./miniaudio.h:17064:73: note: in expansion of macro ‘ma_atomic_load_explicit_64’
17064 | #define ma_atomic_load_64(ptr)                                          ma_atomic_load_explicit_64(ptr, ma_atomic_memory_order_seq_cst)
      |                                                                         ^~~~~~~~~~~~~~~~~~~~~~~~~~
./miniaudio.h:76885:18: note: in expansion of macro ‘ma_atomic_load_64’
76885 |     seekTarget = ma_atomic_load_64(&pSound->seekTarget);
      |                  ^~~~~~~~~~~~~~~~~
cc1plus: note: destination object is likely at address zero
